<?xml version="1.0" encoding="UTF-8"?>
<testsuites name="truSDX-AI Test Suite" tests="1" failures="0" errors="0" time="0.0" timestamp="2025-06-30T09:50:26-04:00">
</testsuites>
